Performing C SOURCE FILE Test HAVE_GCC_WDOCUMENTATION failed with the following output:
Change Dir: /workspaces/Test/build/CMakeFiles/CMakeTmp

Run Build Command(s):/usr/bin/gmake -f Makefile cmTC_b6249/fast && /usr/bin/gmake  -f CMakeFiles/cmTC_b6249.dir/build.make CMakeFiles/cmTC_b6249.dir/build
gmake[1]: Entering directory '/workspaces/Test/build/CMakeFiles/CMakeTmp'
Building C object CMakeFiles/cmTC_b6249.dir/src.c.o
/usr/bin/cc -DHAVE_GCC_WDOCUMENTATION  -D_GNU_SOURCE=1   -Wdocumentation -o CMakeFiles/cmTC_b6249.dir/src.c.o -c /workspaces/Test/build/CMakeFiles/CMakeTmp/src.c
cc: error: unrecognized command-line option '-Wdocumentation'
gmake[1]: *** [CMakeFiles/cmTC_b6249.dir/build.make:78: CMakeFiles/cmTC_b6249.dir/src.c.o] Error 1
gmake[1]: Leaving directory '/workspaces/Test/build/CMakeFiles/CMakeTmp'
gmake: *** [Makefile:127: cmTC_b6249/fast] Error 2


Source file was:
int main(void) { return 0; }
Performing C SOURCE FILE Test HAVE_GCC_WDOCUMENTATION_UNKNOWN_COMMAND failed with the following output:
Change Dir: /workspaces/Test/build/CMakeFiles/CMakeTmp

Run Build Command(s):/usr/bin/gmake -f Makefile cmTC_c714c/fast && /usr/bin/gmake  -f CMakeFiles/cmTC_c714c.dir/build.make CMakeFiles/cmTC_c714c.dir/build
gmake[1]: Entering directory '/workspaces/Test/build/CMakeFiles/CMakeTmp'
Building C object CMakeFiles/cmTC_c714c.dir/src.c.o
/usr/bin/cc -DHAVE_GCC_WDOCUMENTATION_UNKNOWN_COMMAND  -D_GNU_SOURCE=1   -Wdocumentation-unknown-command -o CMakeFiles/cmTC_c714c.dir/src.c.o -c /workspaces/Test/build/CMakeFiles/CMakeTmp/src.c
cc: error: unrecognized command-line option '-Wdocumentation-unknown-command'
gmake[1]: *** [CMakeFiles/cmTC_c714c.dir/build.make:78: CMakeFiles/cmTC_c714c.dir/src.c.o] Error 1
gmake[1]: Leaving directory '/workspaces/Test/build/CMakeFiles/CMakeTmp'
gmake: *** [Makefile:127: cmTC_c714c/fast] Error 2


Source file was:
int main(void) { return 0; }
Performing C SOURCE FILE Test HAVE_GCC_COMMENT_BLOCK_COMMANDS failed with the following output:
Change Dir: /workspaces/Test/build/CMakeFiles/CMakeTmp

Run Build Command(s):/usr/bin/gmake -f Makefile cmTC_16b79/fast && /usr/bin/gmake  -f CMakeFiles/cmTC_16b79.dir/build.make CMakeFiles/cmTC_16b79.dir/build
gmake[1]: Entering directory '/workspaces/Test/build/CMakeFiles/CMakeTmp'
Building C object CMakeFiles/cmTC_16b79.dir/src.c.o
/usr/bin/cc -DHAVE_GCC_COMMENT_BLOCK_COMMANDS  -D_GNU_SOURCE=1   -fcomment-block-commands=threadsafety -o CMakeFiles/cmTC_16b79.dir/src.c.o -c /workspaces/Test/build/CMakeFiles/CMakeTmp/src.c
cc: error: unrecognized command-line option '-fcomment-block-commands=threadsafety'
gmake[1]: *** [CMakeFiles/cmTC_16b79.dir/build.make:78: CMakeFiles/cmTC_16b79.dir/src.c.o] Error 1
gmake[1]: Leaving directory '/workspaces/Test/build/CMakeFiles/CMakeTmp'
gmake: *** [Makefile:127: cmTC_16b79/fast] Error 2


Source file was:
int main(void) { return 0; }
Performing C SOURCE FILE Test HAVE_CLANG_COMMENT_BLOCK_COMMANDS failed with the following output:
Change Dir: /workspaces/Test/build/CMakeFiles/CMakeTmp

Run Build Command(s):/usr/bin/gmake -f Makefile cmTC_5e795/fast && /usr/bin/gmake  -f CMakeFiles/cmTC_5e795.dir/build.make CMakeFiles/cmTC_5e795.dir/build
gmake[1]: Entering directory '/workspaces/Test/build/CMakeFiles/CMakeTmp'
Building C object CMakeFiles/cmTC_5e795.dir/src.c.o
/usr/bin/cc -DHAVE_CLANG_COMMENT_BLOCK_COMMANDS  -D_GNU_SOURCE=1   /clang:-fcomment-block-commands=threadsafety -o CMakeFiles/cmTC_5e795.dir/src.c.o -c /workspaces/Test/build/CMakeFiles/CMakeTmp/src.c
cc: warning: /clang:-fcomment-block-commands=threadsafety: linker input file unused because linking not done
cc: error: /clang:-fcomment-block-commands=threadsafety: linker input file not found: No such file or directory
gmake[1]: *** [CMakeFiles/cmTC_5e795.dir/build.make:78: CMakeFiles/cmTC_5e795.dir/src.c.o] Error 1
gmake[1]: *** Deleting file 'CMakeFiles/cmTC_5e795.dir/src.c.o'
gmake[1]: Leaving directory '/workspaces/Test/build/CMakeFiles/CMakeTmp'
gmake: *** [Makefile:127: cmTC_5e795/fast] Error 2


Source file was:
int main(void) { return 0; }
Determining if the _i64toa exist failed with the following output:
Change Dir: /workspaces/Test/build/CMakeFiles/CMakeTmp

Run Build Command(s):/usr/bin/gmake -f Makefile cmTC_874d4/fast && /usr/bin/gmake  -f CMakeFiles/cmTC_874d4.dir/build.make CMakeFiles/cmTC_874d4.dir/build
gmake[1]: Entering directory '/workspaces/Test/build/CMakeFiles/CMakeTmp'
Building C object CMakeFiles/cmTC_874d4.dir/CheckSymbolExists.c.o
/usr/bin/cc   -D_GNU_SOURCE=1 -o CMakeFiles/cmTC_874d4.dir/CheckSymbolExists.c.o -c /workspaces/Test/build/CMakeFiles/CMakeTmp/CheckSymbolExists.c
/workspaces/Test/build/CMakeFiles/CMakeTmp/CheckSymbolExists.c: In function ‘main’:
/workspaces/Test/build/CMakeFiles/CMakeTmp/CheckSymbolExists.c:26:19: error: ‘_i64toa’ undeclared (first use in this function)
   26 |   return ((int*)(&_i64toa))[argc];
      |                   ^~~~~~~
/workspaces/Test/build/CMakeFiles/CMakeTmp/CheckSymbolExists.c:26:19: note: each undeclared identifier is reported only once for each function it appears in
gmake[1]: *** [CMakeFiles/cmTC_874d4.dir/build.make:78: CMakeFiles/cmTC_874d4.dir/CheckSymbolExists.c.o] Error 1
gmake[1]: Leaving directory '/workspaces/Test/build/CMakeFiles/CMakeTmp'
gmake: *** [Makefile:127: cmTC_874d4/fast] Error 2


File /workspaces/Test/build/CMakeFiles/CMakeTmp/CheckSymbolExists.c:
/* */
#include <float.h>
#include <iconv.h>
#include <inttypes.h>
#include <limits.h>
#include <malloc.h>
#include <math.h>
#include <memory.h>
#include <signal.h>
#include <stdarg.h>
#include <stdbool.h>
#include <stddef.h>
#include <stdint.h>
#include <stdio.h>
#include <stdlib.h>
#include <string.h>
#include <strings.h>
#include <sys/types.h>
#include <time.h>
#include <wchar.h>

int main(int argc, char** argv)
{
  (void)argv;
#ifndef _i64toa
  return ((int*)(&_i64toa))[argc];
#else
  (void)argc;
  return 0;
#endif
}
Determining if the itoa exist failed with the following output:
Change Dir: /workspaces/Test/build/CMakeFiles/CMakeTmp

Run Build Command(s):/usr/bin/gmake -f Makefile cmTC_fd9ea/fast && /usr/bin/gmake  -f CMakeFiles/cmTC_fd9ea.dir/build.make CMakeFiles/cmTC_fd9ea.dir/build
gmake[1]: Entering directory '/workspaces/Test/build/CMakeFiles/CMakeTmp'
Building C object CMakeFiles/cmTC_fd9ea.dir/CheckSymbolExists.c.o
/usr/bin/cc   -D_GNU_SOURCE=1 -o CMakeFiles/cmTC_fd9ea.dir/CheckSymbolExists.c.o -c /workspaces/Test/build/CMakeFiles/CMakeTmp/CheckSymbolExists.c
/workspaces/Test/build/CMakeFiles/CMakeTmp/CheckSymbolExists.c: In function ‘main’:
/workspaces/Test/build/CMakeFiles/CMakeTmp/CheckSymbolExists.c:26:19: error: ‘itoa’ undeclared (first use in this function)
   26 |   return ((int*)(&itoa))[argc];
      |                   ^~~~
/workspaces/Test/build/CMakeFiles/CMakeTmp/CheckSymbolExists.c:26:19: note: each undeclared identifier is reported only once for each function it appears in
gmake[1]: *** [CMakeFiles/cmTC_fd9ea.dir/build.make:78: CMakeFiles/cmTC_fd9ea.dir/CheckSymbolExists.c.o] Error 1
gmake[1]: Leaving directory '/workspaces/Test/build/CMakeFiles/CMakeTmp'
gmake: *** [Makefile:127: cmTC_fd9ea/fast] Error 2


File /workspaces/Test/build/CMakeFiles/CMakeTmp/CheckSymbolExists.c:
/* */
#include <float.h>
#include <iconv.h>
#include <inttypes.h>
#include <limits.h>
#include <malloc.h>
#include <math.h>
#include <memory.h>
#include <signal.h>
#include <stdarg.h>
#include <stdbool.h>
#include <stddef.h>
#include <stdint.h>
#include <stdio.h>
#include <stdlib.h>
#include <string.h>
#include <strings.h>
#include <sys/types.h>
#include <time.h>
#include <wchar.h>

int main(int argc, char** argv)
{
  (void)argv;
#ifndef itoa
  return ((int*)(&itoa))[argc];
#else
  (void)argc;
  return 0;
#endif
}
Determining if the _ltoa exist failed with the following output:
Change Dir: /workspaces/Test/build/CMakeFiles/CMakeTmp

Run Build Command(s):/usr/bin/gmake -f Makefile cmTC_95d96/fast && /usr/bin/gmake  -f CMakeFiles/cmTC_95d96.dir/build.make CMakeFiles/cmTC_95d96.dir/build
gmake[1]: Entering directory '/workspaces/Test/build/CMakeFiles/CMakeTmp'
Building C object CMakeFiles/cmTC_95d96.dir/CheckSymbolExists.c.o
/usr/bin/cc   -D_GNU_SOURCE=1 -o CMakeFiles/cmTC_95d96.dir/CheckSymbolExists.c.o -c /workspaces/Test/build/CMakeFiles/CMakeTmp/CheckSymbolExists.c
/workspaces/Test/build/CMakeFiles/CMakeTmp/CheckSymbolExists.c: In function ‘main’:
/workspaces/Test/build/CMakeFiles/CMakeTmp/CheckSymbolExists.c:26:19: error: ‘_ltoa’ undeclared (first use in this function)
   26 |   return ((int*)(&_ltoa))[argc];
      |                   ^~~~~
/workspaces/Test/build/CMakeFiles/CMakeTmp/CheckSymbolExists.c:26:19: note: each undeclared identifier is reported only once for each function it appears in
gmake[1]: *** [CMakeFiles/cmTC_95d96.dir/build.make:78: CMakeFiles/cmTC_95d96.dir/CheckSymbolExists.c.o] Error 1
gmake[1]: Leaving directory '/workspaces/Test/build/CMakeFiles/CMakeTmp'
gmake: *** [Makefile:127: cmTC_95d96/fast] Error 2


File /workspaces/Test/build/CMakeFiles/CMakeTmp/CheckSymbolExists.c:
/* */
#include <float.h>
#include <iconv.h>
#include <inttypes.h>
#include <limits.h>
#include <malloc.h>
#include <math.h>
#include <memory.h>
#include <signal.h>
#include <stdarg.h>
#include <stdbool.h>
#include <stddef.h>
#include <stdint.h>
#include <stdio.h>
#include <stdlib.h>
#include <string.h>
#include <strings.h>
#include <sys/types.h>
#include <time.h>
#include <wchar.h>

int main(int argc, char** argv)
{
  (void)argv;
#ifndef _ltoa
  return ((int*)(&_ltoa))[argc];
#else
  (void)argc;
  return 0;
#endif
}
Determining if the sqr exist failed with the following output:
Change Dir: /workspaces/Test/build/CMakeFiles/CMakeTmp

Run Build Command(s):/usr/bin/gmake -f Makefile cmTC_dd0e3/fast && /usr/bin/gmake  -f CMakeFiles/cmTC_dd0e3.dir/build.make CMakeFiles/cmTC_dd0e3.dir/build
gmake[1]: Entering directory '/workspaces/Test/build/CMakeFiles/CMakeTmp'
Building C object CMakeFiles/cmTC_dd0e3.dir/CheckSymbolExists.c.o
/usr/bin/cc   -D_GNU_SOURCE=1 -o CMakeFiles/cmTC_dd0e3.dir/CheckSymbolExists.c.o -c /workspaces/Test/build/CMakeFiles/CMakeTmp/CheckSymbolExists.c
/workspaces/Test/build/CMakeFiles/CMakeTmp/CheckSymbolExists.c: In function ‘main’:
/workspaces/Test/build/CMakeFiles/CMakeTmp/CheckSymbolExists.c:26:19: error: ‘sqr’ undeclared (first use in this function); did you mean ‘sqrt’?
   26 |   return ((int*)(&sqr))[argc];
      |                   ^~~
      |                   sqrt
/workspaces/Test/build/CMakeFiles/CMakeTmp/CheckSymbolExists.c:26:19: note: each undeclared identifier is reported only once for each function it appears in
gmake[1]: *** [CMakeFiles/cmTC_dd0e3.dir/build.make:78: CMakeFiles/cmTC_dd0e3.dir/CheckSymbolExists.c.o] Error 1
gmake[1]: Leaving directory '/workspaces/Test/build/CMakeFiles/CMakeTmp'
gmake: *** [Makefile:127: cmTC_dd0e3/fast] Error 2


File /workspaces/Test/build/CMakeFiles/CMakeTmp/CheckSymbolExists.c:
/* */
#include <float.h>
#include <iconv.h>
#include <inttypes.h>
#include <limits.h>
#include <malloc.h>
#include <math.h>
#include <memory.h>
#include <signal.h>
#include <stdarg.h>
#include <stdbool.h>
#include <stddef.h>
#include <stdint.h>
#include <stdio.h>
#include <stdlib.h>
#include <string.h>
#include <strings.h>
#include <sys/types.h>
#include <time.h>
#include <wchar.h>

int main(int argc, char** argv)
{
  (void)argv;
#ifndef sqr
  return ((int*)(&sqr))[argc];
#else
  (void)argc;
  return 0;
#endif
}
Determining if the strlcat exist failed with the following output:
Change Dir: /workspaces/Test/build/CMakeFiles/CMakeTmp

Run Build Command(s):/usr/bin/gmake -f Makefile cmTC_bb426/fast && /usr/bin/gmake  -f CMakeFiles/cmTC_bb426.dir/build.make CMakeFiles/cmTC_bb426.dir/build
gmake[1]: Entering directory '/workspaces/Test/build/CMakeFiles/CMakeTmp'
Building C object CMakeFiles/cmTC_bb426.dir/CheckSymbolExists.c.o
/usr/bin/cc   -D_GNU_SOURCE=1 -o CMakeFiles/cmTC_bb426.dir/CheckSymbolExists.c.o -c /workspaces/Test/build/CMakeFiles/CMakeTmp/CheckSymbolExists.c
/workspaces/Test/build/CMakeFiles/CMakeTmp/CheckSymbolExists.c: In function ‘main’:
/workspaces/Test/build/CMakeFiles/CMakeTmp/CheckSymbolExists.c:26:19: error: ‘strlcat’ undeclared (first use in this function); did you mean ‘strncat’?
   26 |   return ((int*)(&strlcat))[argc];
      |                   ^~~~~~~
      |                   strncat
/workspaces/Test/build/CMakeFiles/CMakeTmp/CheckSymbolExists.c:26:19: note: each undeclared identifier is reported only once for each function it appears in
gmake[1]: *** [CMakeFiles/cmTC_bb426.dir/build.make:78: CMakeFiles/cmTC_bb426.dir/CheckSymbolExists.c.o] Error 1
gmake[1]: Leaving directory '/workspaces/Test/build/CMakeFiles/CMakeTmp'
gmake: *** [Makefile:127: cmTC_bb426/fast] Error 2


File /workspaces/Test/build/CMakeFiles/CMakeTmp/CheckSymbolExists.c:
/* */
#include <float.h>
#include <iconv.h>
#include <inttypes.h>
#include <limits.h>
#include <malloc.h>
#include <math.h>
#include <memory.h>
#include <signal.h>
#include <stdarg.h>
#include <stdbool.h>
#include <stddef.h>
#include <stdint.h>
#include <stdio.h>
#include <stdlib.h>
#include <string.h>
#include <strings.h>
#include <sys/types.h>
#include <time.h>
#include <wchar.h>

int main(int argc, char** argv)
{
  (void)argv;
#ifndef strlcat
  return ((int*)(&strlcat))[argc];
#else
  (void)argc;
  return 0;
#endif
}
Determining if the strlcpy exist failed with the following output:
Change Dir: /workspaces/Test/build/CMakeFiles/CMakeTmp

Run Build Command(s):/usr/bin/gmake -f Makefile cmTC_904e2/fast && /usr/bin/gmake  -f CMakeFiles/cmTC_904e2.dir/build.make CMakeFiles/cmTC_904e2.dir/build
gmake[1]: Entering directory '/workspaces/Test/build/CMakeFiles/CMakeTmp'
Building C object CMakeFiles/cmTC_904e2.dir/CheckSymbolExists.c.o
/usr/bin/cc   -D_GNU_SOURCE=1 -o CMakeFiles/cmTC_904e2.dir/CheckSymbolExists.c.o -c /workspaces/Test/build/CMakeFiles/CMakeTmp/CheckSymbolExists.c
/workspaces/Test/build/CMakeFiles/CMakeTmp/CheckSymbolExists.c: In function ‘main’:
/workspaces/Test/build/CMakeFiles/CMakeTmp/CheckSymbolExists.c:26:19: error: ‘strlcpy’ undeclared (first use in this function); did you mean ‘strncpy’?
   26 |   return ((int*)(&strlcpy))[argc];
      |                   ^~~~~~~
      |                   strncpy
/workspaces/Test/build/CMakeFiles/CMakeTmp/CheckSymbolExists.c:26:19: note: each undeclared identifier is reported only once for each function it appears in
gmake[1]: *** [CMakeFiles/cmTC_904e2.dir/build.make:78: CMakeFiles/cmTC_904e2.dir/CheckSymbolExists.c.o] Error 1
gmake[1]: Leaving directory '/workspaces/Test/build/CMakeFiles/CMakeTmp'
gmake: *** [Makefile:127: cmTC_904e2/fast] Error 2


File /workspaces/Test/build/CMakeFiles/CMakeTmp/CheckSymbolExists.c:
/* */
#include <float.h>
#include <iconv.h>
#include <inttypes.h>
#include <limits.h>
#include <malloc.h>
#include <math.h>
#include <memory.h>
#include <signal.h>
#include <stdarg.h>
#include <stdbool.h>
#include <stddef.h>
#include <stdint.h>
#include <stdio.h>
#include <stdlib.h>
#include <string.h>
#include <strings.h>
#include <sys/types.h>
#include <time.h>
#include <wchar.h>

int main(int argc, char** argv)
{
  (void)argv;
#ifndef strlcpy
  return ((int*)(&strlcpy))[argc];
#else
  (void)argc;
  return 0;
#endif
}
Determining if the strnstr exist failed with the following output:
Change Dir: /workspaces/Test/build/CMakeFiles/CMakeTmp

Run Build Command(s):/usr/bin/gmake -f Makefile cmTC_bd96d/fast && /usr/bin/gmake  -f CMakeFiles/cmTC_bd96d.dir/build.make CMakeFiles/cmTC_bd96d.dir/build
gmake[1]: Entering directory '/workspaces/Test/build/CMakeFiles/CMakeTmp'
Building C object CMakeFiles/cmTC_bd96d.dir/CheckSymbolExists.c.o
/usr/bin/cc   -D_GNU_SOURCE=1 -o CMakeFiles/cmTC_bd96d.dir/CheckSymbolExists.c.o -c /workspaces/Test/build/CMakeFiles/CMakeTmp/CheckSymbolExists.c
/workspaces/Test/build/CMakeFiles/CMakeTmp/CheckSymbolExists.c: In function ‘main’:
/workspaces/Test/build/CMakeFiles/CMakeTmp/CheckSymbolExists.c:26:19: error: ‘strnstr’ undeclared (first use in this function); did you mean ‘strstr’?
   26 |   return ((int*)(&strnstr))[argc];
      |                   ^~~~~~~
      |                   strstr
/workspaces/Test/build/CMakeFiles/CMakeTmp/CheckSymbolExists.c:26:19: note: each undeclared identifier is reported only once for each function it appears in
gmake[1]: *** [CMakeFiles/cmTC_bd96d.dir/build.make:78: CMakeFiles/cmTC_bd96d.dir/CheckSymbolExists.c.o] Error 1
gmake[1]: Leaving directory '/workspaces/Test/build/CMakeFiles/CMakeTmp'
gmake: *** [Makefile:127: cmTC_bd96d/fast] Error 2


File /workspaces/Test/build/CMakeFiles/CMakeTmp/CheckSymbolExists.c:
/* */
#include <float.h>
#include <iconv.h>
#include <inttypes.h>
#include <limits.h>
#include <malloc.h>
#include <math.h>
#include <memory.h>
#include <signal.h>
#include <stdarg.h>
#include <stdbool.h>
#include <stddef.h>
#include <stdint.h>
#include <stdio.h>
#include <stdlib.h>
#include <string.h>
#include <strings.h>
#include <sys/types.h>
#include <time.h>
#include <wchar.h>

int main(int argc, char** argv)
{
  (void)argv;
#ifndef strnstr
  return ((int*)(&strnstr))[argc];
#else
  (void)argc;
  return 0;
#endif
}
Determining if the wcslcat exist failed with the following output:
Change Dir: /workspaces/Test/build/CMakeFiles/CMakeTmp

Run Build Command(s):/usr/bin/gmake -f Makefile cmTC_f723c/fast && /usr/bin/gmake  -f CMakeFiles/cmTC_f723c.dir/build.make CMakeFiles/cmTC_f723c.dir/build
gmake[1]: Entering directory '/workspaces/Test/build/CMakeFiles/CMakeTmp'
Building C object CMakeFiles/cmTC_f723c.dir/CheckSymbolExists.c.o
/usr/bin/cc   -D_GNU_SOURCE=1 -o CMakeFiles/cmTC_f723c.dir/CheckSymbolExists.c.o -c /workspaces/Test/build/CMakeFiles/CMakeTmp/CheckSymbolExists.c
/workspaces/Test/build/CMakeFiles/CMakeTmp/CheckSymbolExists.c: In function ‘main’:
/workspaces/Test/build/CMakeFiles/CMakeTmp/CheckSymbolExists.c:26:19: error: ‘wcslcat’ undeclared (first use in this function); did you mean ‘wcsncat’?
   26 |   return ((int*)(&wcslcat))[argc];
      |                   ^~~~~~~
      |                   wcsncat
/workspaces/Test/build/CMakeFiles/CMakeTmp/CheckSymbolExists.c:26:19: note: each undeclared identifier is reported only once for each function it appears in
gmake[1]: *** [CMakeFiles/cmTC_f723c.dir/build.make:78: CMakeFiles/cmTC_f723c.dir/CheckSymbolExists.c.o] Error 1
gmake[1]: Leaving directory '/workspaces/Test/build/CMakeFiles/CMakeTmp'
gmake: *** [Makefile:127: cmTC_f723c/fast] Error 2


File /workspaces/Test/build/CMakeFiles/CMakeTmp/CheckSymbolExists.c:
/* */
#include <float.h>
#include <iconv.h>
#include <inttypes.h>
#include <limits.h>
#include <malloc.h>
#include <math.h>
#include <memory.h>
#include <signal.h>
#include <stdarg.h>
#include <stdbool.h>
#include <stddef.h>
#include <stdint.h>
#include <stdio.h>
#include <stdlib.h>
#include <string.h>
#include <strings.h>
#include <sys/types.h>
#include <time.h>
#include <wchar.h>

int main(int argc, char** argv)
{
  (void)argv;
#ifndef wcslcat
  return ((int*)(&wcslcat))[argc];
#else
  (void)argc;
  return 0;
#endif
}
Determining if the wcslcpy exist failed with the following output:
Change Dir: /workspaces/Test/build/CMakeFiles/CMakeTmp

Run Build Command(s):/usr/bin/gmake -f Makefile cmTC_a00d5/fast && /usr/bin/gmake  -f CMakeFiles/cmTC_a00d5.dir/build.make CMakeFiles/cmTC_a00d5.dir/build
gmake[1]: Entering directory '/workspaces/Test/build/CMakeFiles/CMakeTmp'
Building C object CMakeFiles/cmTC_a00d5.dir/CheckSymbolExists.c.o
/usr/bin/cc   -D_GNU_SOURCE=1 -o CMakeFiles/cmTC_a00d5.dir/CheckSymbolExists.c.o -c /workspaces/Test/build/CMakeFiles/CMakeTmp/CheckSymbolExists.c
/workspaces/Test/build/CMakeFiles/CMakeTmp/CheckSymbolExists.c: In function ‘main’:
/workspaces/Test/build/CMakeFiles/CMakeTmp/CheckSymbolExists.c:26:19: error: ‘wcslcpy’ undeclared (first use in this function); did you mean ‘wcsncpy’?
   26 |   return ((int*)(&wcslcpy))[argc];
      |                   ^~~~~~~
      |                   wcsncpy
/workspaces/Test/build/CMakeFiles/CMakeTmp/CheckSymbolExists.c:26:19: note: each undeclared identifier is reported only once for each function it appears in
gmake[1]: *** [CMakeFiles/cmTC_a00d5.dir/build.make:78: CMakeFiles/cmTC_a00d5.dir/CheckSymbolExists.c.o] Error 1
gmake[1]: Leaving directory '/workspaces/Test/build/CMakeFiles/CMakeTmp'
gmake: *** [Makefile:127: cmTC_a00d5/fast] Error 2


File /workspaces/Test/build/CMakeFiles/CMakeTmp/CheckSymbolExists.c:
/* */
#include <float.h>
#include <iconv.h>
#include <inttypes.h>
#include <limits.h>
#include <malloc.h>
#include <math.h>
#include <memory.h>
#include <signal.h>
#include <stdarg.h>
#include <stdbool.h>
#include <stddef.h>
#include <stdint.h>
#include <stdio.h>
#include <stdlib.h>
#include <string.h>
#include <strings.h>
#include <sys/types.h>
#include <time.h>
#include <wchar.h>

int main(int argc, char** argv)
{
  (void)argv;
#ifndef wcslcpy
  return ((int*)(&wcslcpy))[argc];
#else
  (void)argc;
  return 0;
#endif
}
Determining if the sysctlbyname exist failed with the following output:
Change Dir: /workspaces/Test/build/CMakeFiles/CMakeTmp

Run Build Command(s):/usr/bin/gmake -f Makefile cmTC_9cc7b/fast && /usr/bin/gmake  -f CMakeFiles/cmTC_9cc7b.dir/build.make CMakeFiles/cmTC_9cc7b.dir/build
gmake[1]: Entering directory '/workspaces/Test/build/CMakeFiles/CMakeTmp'
Building C object CMakeFiles/cmTC_9cc7b.dir/CheckSymbolExists.c.o
/usr/bin/cc   -D_GNU_SOURCE=1 -o CMakeFiles/cmTC_9cc7b.dir/CheckSymbolExists.c.o -c /workspaces/Test/build/CMakeFiles/CMakeTmp/CheckSymbolExists.c
/workspaces/Test/build/CMakeFiles/CMakeTmp/CheckSymbolExists.c:3:10: fatal error: sys/sysctl.h: No such file or directory
    3 | #include <sys/sysctl.h>
      |          ^~~~~~~~~~~~~~
compilation terminated.
gmake[1]: *** [CMakeFiles/cmTC_9cc7b.dir/build.make:78: CMakeFiles/cmTC_9cc7b.dir/CheckSymbolExists.c.o] Error 1
gmake[1]: Leaving directory '/workspaces/Test/build/CMakeFiles/CMakeTmp'
gmake: *** [Makefile:127: cmTC_9cc7b/fast] Error 2


File /workspaces/Test/build/CMakeFiles/CMakeTmp/CheckSymbolExists.c:
/* */
#include <sys/types.h>
#include <sys/sysctl.h>

int main(int argc, char** argv)
{
  (void)argv;
#ifndef sysctlbyname
  return ((int*)(&sysctlbyname))[argc];
#else
  (void)argc;
  return 0;
#endif
}
Determining if the elf_aux_info exist failed with the following output:
Change Dir: /workspaces/Test/build/CMakeFiles/CMakeTmp

Run Build Command(s):/usr/bin/gmake -f Makefile cmTC_1d1fd/fast && /usr/bin/gmake  -f CMakeFiles/cmTC_1d1fd.dir/build.make CMakeFiles/cmTC_1d1fd.dir/build
gmake[1]: Entering directory '/workspaces/Test/build/CMakeFiles/CMakeTmp'
Building C object CMakeFiles/cmTC_1d1fd.dir/CheckSymbolExists.c.o
/usr/bin/cc   -D_GNU_SOURCE=1 -o CMakeFiles/cmTC_1d1fd.dir/CheckSymbolExists.c.o -c /workspaces/Test/build/CMakeFiles/CMakeTmp/CheckSymbolExists.c
/workspaces/Test/build/CMakeFiles/CMakeTmp/CheckSymbolExists.c: In function ‘main’:
/workspaces/Test/build/CMakeFiles/CMakeTmp/CheckSymbolExists.c:8:19: error: ‘elf_aux_info’ undeclared (first use in this function)
    8 |   return ((int*)(&elf_aux_info))[argc];
      |                   ^~~~~~~~~~~~
/workspaces/Test/build/CMakeFiles/CMakeTmp/CheckSymbolExists.c:8:19: note: each undeclared identifier is reported only once for each function it appears in
gmake[1]: *** [CMakeFiles/cmTC_1d1fd.dir/build.make:78: CMakeFiles/cmTC_1d1fd.dir/CheckSymbolExists.c.o] Error 1
gmake[1]: Leaving directory '/workspaces/Test/build/CMakeFiles/CMakeTmp'
gmake: *** [Makefile:127: cmTC_1d1fd/fast] Error 2


File /workspaces/Test/build/CMakeFiles/CMakeTmp/CheckSymbolExists.c:
/* */
#include <sys/auxv.h>

int main(int argc, char** argv)
{
  (void)argv;
#ifndef elf_aux_info
  return ((int*)(&elf_aux_info))[argc];
#else
  (void)argc;
  return 0;
#endif
}
Determining if the posix_spawn_file_actions_addchdir exist failed with the following output:
Change Dir: /workspaces/Test/build/CMakeFiles/CMakeTmp

Run Build Command(s):/usr/bin/gmake -f Makefile cmTC_c5ea4/fast && /usr/bin/gmake  -f CMakeFiles/cmTC_c5ea4.dir/build.make CMakeFiles/cmTC_c5ea4.dir/build
gmake[1]: Entering directory '/workspaces/Test/build/CMakeFiles/CMakeTmp'
Building C object CMakeFiles/cmTC_c5ea4.dir/CheckSymbolExists.c.o
/usr/bin/cc   -D_GNU_SOURCE=1 -o CMakeFiles/cmTC_c5ea4.dir/CheckSymbolExists.c.o -c /workspaces/Test/build/CMakeFiles/CMakeTmp/CheckSymbolExists.c
/workspaces/Test/build/CMakeFiles/CMakeTmp/CheckSymbolExists.c: In function ‘main’:
/workspaces/Test/build/CMakeFiles/CMakeTmp/CheckSymbolExists.c:8:19: error: ‘posix_spawn_file_actions_addchdir’ undeclared (first use in this function); did you mean ‘posix_spawn_file_actions_addchdir_np’?
    8 |   return ((int*)(&posix_spawn_file_actions_addchdir))[argc];
      |                   ^~~~~~~~~~~~~~~~~~~~~~~~~~~~~~~~~
      |                   posix_spawn_file_actions_addchdir_np
/workspaces/Test/build/CMakeFiles/CMakeTmp/CheckSymbolExists.c:8:19: note: each undeclared identifier is reported only once for each function it appears in
gmake[1]: *** [CMakeFiles/cmTC_c5ea4.dir/build.make:78: CMakeFiles/cmTC_c5ea4.dir/CheckSymbolExists.c.o] Error 1
gmake[1]: Leaving directory '/workspaces/Test/build/CMakeFiles/CMakeTmp'
gmake: *** [Makefile:127: cmTC_c5ea4/fast] Error 2


File /workspaces/Test/build/CMakeFiles/CMakeTmp/CheckSymbolExists.c:
/* */
#include <spawn.h>

int main(int argc, char** argv)
{
  (void)argv;
#ifndef posix_spawn_file_actions_addchdir
  return ((int*)(&posix_spawn_file_actions_addchdir))[argc];
#else
  (void)argc;
  return 0;
#endif
}
Performing C SOURCE FILE Test ICONV_IN_LIBICONV failed with the following output:
Change Dir: /workspaces/Test/build/CMakeFiles/CMakeTmp

Run Build Command(s):/usr/bin/gmake -f Makefile cmTC_64651/fast && /usr/bin/gmake  -f CMakeFiles/cmTC_64651.dir/build.make CMakeFiles/cmTC_64651.dir/build
gmake[1]: Entering directory '/workspaces/Test/build/CMakeFiles/CMakeTmp'
Building C object CMakeFiles/cmTC_64651.dir/src.c.o
/usr/bin/cc -DICONV_IN_LIBICONV  -D_GNU_SOURCE=1 -o CMakeFiles/cmTC_64651.dir/src.c.o -c /workspaces/Test/build/CMakeFiles/CMakeTmp/src.c
Linking C executable cmTC_64651
/usr/bin/cmake -E cmake_link_script CMakeFiles/cmTC_64651.dir/link.txt --verbose=1
/usr/bin/cc   -D_GNU_SOURCE=1 CMakeFiles/cmTC_64651.dir/src.c.o -o cmTC_64651  -liconv 
/usr/bin/ld: cannot find -liconv: No such file or directory
collect2: error: ld returned 1 exit status
gmake[1]: *** [CMakeFiles/cmTC_64651.dir/build.make:99: cmTC_64651] Error 1
gmake[1]: Leaving directory '/workspaces/Test/build/CMakeFiles/CMakeTmp'
gmake: *** [Makefile:127: cmTC_64651/fast] Error 2


Source file was:

        #include <stddef.h>
        #include <iconv.h>
        int main(int argc, char **argv) {
            return !iconv_open(NULL,NULL);
        }
Performing C SOURCE FILE Test LIBC_HAS_WORKING_LIBUNWIND failed with the following output:
Change Dir: /workspaces/Test/build/CMakeFiles/CMakeTmp

Run Build Command(s):/usr/bin/gmake -f Makefile cmTC_8c9d8/fast && /usr/bin/gmake  -f CMakeFiles/cmTC_8c9d8.dir/build.make CMakeFiles/cmTC_8c9d8.dir/build
gmake[1]: Entering directory '/workspaces/Test/build/CMakeFiles/CMakeTmp'
Building C object CMakeFiles/cmTC_8c9d8.dir/src.c.o
/usr/bin/cc -DLIBC_HAS_WORKING_LIBUNWIND  -D_GNU_SOURCE=1 -o CMakeFiles/cmTC_8c9d8.dir/src.c.o -c /workspaces/Test/build/CMakeFiles/CMakeTmp/src.c
/workspaces/Test/build/CMakeFiles/CMakeTmp/src.c:1:16: fatal error: libunwind.h: No such file or directory
    1 |       #include <libunwind.h>
      |                ^~~~~~~~~~~~~
compilation terminated.
gmake[1]: *** [CMakeFiles/cmTC_8c9d8.dir/build.make:78: CMakeFiles/cmTC_8c9d8.dir/src.c.o] Error 1
gmake[1]: Leaving directory '/workspaces/Test/build/CMakeFiles/CMakeTmp'
gmake: *** [Makefile:127: cmTC_8c9d8/fast] Error 2


Source file was:
      #include <libunwind.h>
      int main(int argc, char *argv[]) {
        (void)argc; (void)argv;
        unw_context_t context;
        unw_cursor_t cursor;
        unw_word_t pc;
        char sym[256];
        unw_word_t offset;
        unw_getcontext(&context);
        unw_step(&cursor);
        unw_get_reg(&cursor, UNW_REG_IP, &pc);
        unw_get_proc_name(&cursor, sym, sizeof(sym), &offset);
        return 0;
      }
Performing C SOURCE FILE Test LIBUNWIND_HAS_WORKINGLIBUNWIND failed with the following output:
Change Dir: /workspaces/Test/build/CMakeFiles/CMakeTmp

Run Build Command(s):/usr/bin/gmake -f Makefile cmTC_19b47/fast && /usr/bin/gmake  -f CMakeFiles/cmTC_19b47.dir/build.make CMakeFiles/cmTC_19b47.dir/build
gmake[1]: Entering directory '/workspaces/Test/build/CMakeFiles/CMakeTmp'
Building C object CMakeFiles/cmTC_19b47.dir/src.c.o
/usr/bin/cc -DLIBUNWIND_HAS_WORKINGLIBUNWIND  -D_GNU_SOURCE=1 -o CMakeFiles/cmTC_19b47.dir/src.c.o -c /workspaces/Test/build/CMakeFiles/CMakeTmp/src.c
/workspaces/Test/build/CMakeFiles/CMakeTmp/src.c:1:16: fatal error: libunwind.h: No such file or directory
    1 |       #include <libunwind.h>
      |                ^~~~~~~~~~~~~
compilation terminated.
gmake[1]: *** [CMakeFiles/cmTC_19b47.dir/build.make:78: CMakeFiles/cmTC_19b47.dir/src.c.o] Error 1
gmake[1]: Leaving directory '/workspaces/Test/build/CMakeFiles/CMakeTmp'
gmake: *** [Makefile:127: cmTC_19b47/fast] Error 2


Source file was:
      #include <libunwind.h>
      int main(int argc, char *argv[]) {
        (void)argc; (void)argv;
        unw_context_t context;
        unw_cursor_t cursor;
        unw_word_t pc;
        char sym[256];
        unw_word_t offset;
        unw_getcontext(&context);
        unw_step(&cursor);
        unw_get_reg(&cursor, UNW_REG_IP, &pc);
        unw_get_proc_name(&cursor, sym, sizeof(sym), &offset);
        return 0;
      }
Determining if the include file pthread_np.h exists failed with the following output:
Change Dir: /workspaces/Test/build/CMakeFiles/CMakeTmp

Run Build Command(s):/usr/bin/gmake -f Makefile cmTC_241ed/fast && /usr/bin/gmake  -f CMakeFiles/cmTC_241ed.dir/build.make CMakeFiles/cmTC_241ed.dir/build
gmake[1]: Entering directory '/workspaces/Test/build/CMakeFiles/CMakeTmp'
Building C object CMakeFiles/cmTC_241ed.dir/CheckIncludeFile.c.o
/usr/bin/cc   -D_GNU_SOURCE=1 -D_REENTRANT -pthread -o CMakeFiles/cmTC_241ed.dir/CheckIncludeFile.c.o -c /workspaces/Test/build/CMakeFiles/CMakeTmp/CheckIncludeFile.c
/workspaces/Test/build/CMakeFiles/CMakeTmp/CheckIncludeFile.c:1:10: fatal error: pthread_np.h: No such file or directory
    1 | #include <pthread_np.h>
      |          ^~~~~~~~~~~~~~
compilation terminated.
gmake[1]: *** [CMakeFiles/cmTC_241ed.dir/build.make:78: CMakeFiles/cmTC_241ed.dir/CheckIncludeFile.c.o] Error 1
gmake[1]: Leaving directory '/workspaces/Test/build/CMakeFiles/CMakeTmp'
gmake: *** [Makefile:127: cmTC_241ed/fast] Error 2



